Analysis & Synthesis report for ALU32
Tue Feb 14 19:25:58 2023
Quartus II 64-Bit Version 13.0.1 Build 232 06/12/2013 Service Pack 1 SJ Web Edition


---------------------
; Table of Contents ;
---------------------
  1. Legal Notice
  2. Analysis & Synthesis Summary
  3. Analysis & Synthesis Settings
  4. Parallel Compilation
  5. Analysis & Synthesis Source Files Read
  6. Analysis & Synthesis Resource Usage Summary
  7. Analysis & Synthesis Resource Utilization by Entity
  8. General Register Statistics
  9. Multiplexer Restructuring Statistics (Restructuring Performed)
 10. Elapsed Time Per Partition
 11. Analysis & Synthesis Messages



----------------
; Legal Notice ;
----------------
Copyright (C) 1991-2013 Altera Corporation
Your use of Altera Corporation's design tools, logic functions 
and other software and tools, and its AMPP partner logic 
functions, and any output files from any of the foregoing 
(including device programming or simulation files), and any 
associated documentation or information are expressly subject 
to the terms and conditions of the Altera Program License 
Subscription Agreement, Altera MegaCore Function License 
Agreement, or other applicable license agreement, including, 
without limitation, that your use is for the sole purpose of 
programming logic devices manufactured by Altera and sold by 
Altera or its authorized distributors.  Please refer to the 
applicable agreement for further details.



+--------------------------------------------------------------------------------------+
; Analysis & Synthesis Summary                                                         ;
+------------------------------------+-------------------------------------------------+
; Analysis & Synthesis Status        ; Successful - Tue Feb 14 19:25:58 2023           ;
; Quartus II 64-Bit Version          ; 13.0.1 Build 232 06/12/2013 SP 1 SJ Web Edition ;
; Revision Name                      ; ALU32                                           ;
; Top-level Entity Name              ; ALU32                                           ;
; Family                             ; Cyclone IV E                                    ;
; Total logic elements               ; 39                                              ;
;     Total combinational functions  ; 39                                              ;
;     Dedicated logic registers      ; 0                                               ;
; Total registers                    ; 0                                               ;
; Total pins                         ; 29                                              ;
; Total virtual pins                 ; 0                                               ;
; Total memory bits                  ; 0                                               ;
; Embedded Multiplier 9-bit elements ; 0                                               ;
; Total PLLs                         ; 0                                               ;
+------------------------------------+-------------------------------------------------+


+----------------------------------------------------------------------------------------------------------------------+
; Analysis & Synthesis Settings                                                                                        ;
+----------------------------------------------------------------------------+--------------------+--------------------+
; Option                                                                     ; Setting            ; Default Value      ;
+----------------------------------------------------------------------------+--------------------+--------------------+
; Device                                                                     ; EP4CE115F29C7      ;                    ;
; Top-level entity name                                                      ; ALU32              ; ALU32              ;
; Family name                                                                ; Cyclone IV E       ; Cyclone IV GX      ;
; Use smart compilation                                                      ; Off                ; Off                ;
; Enable parallel Assembler and TimeQuest Timing Analyzer during compilation ; On                 ; On                 ;
; Enable compact report table                                                ; Off                ; Off                ;
; Restructure Multiplexers                                                   ; Auto               ; Auto               ;
; Create Debugging Nodes for IP Cores                                        ; Off                ; Off                ;
; Preserve fewer node names                                                  ; On                 ; On                 ;
; Disable OpenCore Plus hardware evaluation                                  ; Off                ; Off                ;
; Verilog Version                                                            ; Verilog_2001       ; Verilog_2001       ;
; VHDL Version                                                               ; VHDL_1993          ; VHDL_1993          ;
; State Machine Processing                                                   ; Auto               ; Auto               ;
; Safe State Machine                                                         ; Off                ; Off                ;
; Extract Verilog State Machines                                             ; On                 ; On                 ;
; Extract VHDL State Machines                                                ; On                 ; On                 ;
; Ignore Verilog initial constructs                                          ; Off                ; Off                ;
; Iteration limit for constant Verilog loops                                 ; 5000               ; 5000               ;
; Iteration limit for non-constant Verilog loops                             ; 250                ; 250                ;
; Add Pass-Through Logic to Inferred RAMs                                    ; On                 ; On                 ;
; Infer RAMs from Raw Logic                                                  ; On                 ; On                 ;
; Parallel Synthesis                                                         ; On                 ; On                 ;
; DSP Block Balancing                                                        ; Auto               ; Auto               ;
; NOT Gate Push-Back                                                         ; On                 ; On                 ;
; Power-Up Don't Care                                                        ; On                 ; On                 ;
; Remove Redundant Logic Cells                                               ; Off                ; Off                ;
; Remove Duplicate Registers                                                 ; On                 ; On                 ;
; Ignore CARRY Buffers                                                       ; Off                ; Off                ;
; Ignore CASCADE Buffers                                                     ; Off                ; Off                ;
; Ignore GLOBAL Buffers                                                      ; Off                ; Off                ;
; Ignore ROW GLOBAL Buffers                                                  ; Off                ; Off                ;
; Ignore LCELL Buffers                                                       ; Off                ; Off                ;
; Ignore SOFT Buffers                                                        ; On                 ; On                 ;
; Limit AHDL Integers to 32 Bits                                             ; Off                ; Off                ;
; Optimization Technique                                                     ; Balanced           ; Balanced           ;
; Carry Chain Length                                                         ; 70                 ; 70                 ;
; Auto Carry Chains                                                          ; On                 ; On                 ;
; Auto Open-Drain Pins                                                       ; On                 ; On                 ;
; Perform WYSIWYG Primitive Resynthesis                                      ; Off                ; Off                ;
; Auto ROM Replacement                                                       ; On                 ; On                 ;
; Auto RAM Replacement                                                       ; On                 ; On                 ;
; Auto DSP Block Replacement                                                 ; On                 ; On                 ;
; Auto Shift Register Replacement                                            ; Auto               ; Auto               ;
; Allow Shift Register Merging across Hierarchies                            ; Auto               ; Auto               ;
; Auto Clock Enable Replacement                                              ; On                 ; On                 ;
; Strict RAM Replacement                                                     ; Off                ; Off                ;
; Allow Synchronous Control Signals                                          ; On                 ; On                 ;
; Force Use of Synchronous Clear Signals                                     ; Off                ; Off                ;
; Auto RAM Block Balancing                                                   ; On                 ; On                 ;
; Auto RAM to Logic Cell Conversion                                          ; Off                ; Off                ;
; Auto Resource Sharing                                                      ; Off                ; Off                ;
; Allow Any RAM Size For Recognition                                         ; Off                ; Off                ;
; Allow Any ROM Size For Recognition                                         ; Off                ; Off                ;
; Allow Any Shift Register Size For Recognition                              ; Off                ; Off                ;
; Use LogicLock Constraints during Resource Balancing                        ; On                 ; On                 ;
; Ignore translate_off and synthesis_off directives                          ; Off                ; Off                ;
; Timing-Driven Synthesis                                                    ; On                 ; On                 ;
; Report Parameter Settings                                                  ; On                 ; On                 ;
; Report Source Assignments                                                  ; On                 ; On                 ;
; Report Connectivity Checks                                                 ; On                 ; On                 ;
; Ignore Maximum Fan-Out Assignments                                         ; Off                ; Off                ;
; Synchronization Register Chain Length                                      ; 2                  ; 2                  ;
; PowerPlay Power Optimization                                               ; Normal compilation ; Normal compilation ;
; HDL message level                                                          ; Level2             ; Level2             ;
; Suppress Register Optimization Related Messages                            ; Off                ; Off                ;
; Number of Removed Registers Reported in Synthesis Report                   ; 5000               ; 5000               ;
; Number of Swept Nodes Reported in Synthesis Report                         ; 5000               ; 5000               ;
; Number of Inverted Registers Reported in Synthesis Report                  ; 100                ; 100                ;
; Clock MUX Protection                                                       ; On                 ; On                 ;
; Auto Gated Clock Conversion                                                ; Off                ; Off                ;
; Block Design Naming                                                        ; Auto               ; Auto               ;
; SDC constraint protection                                                  ; Off                ; Off                ;
; Synthesis Effort                                                           ; Auto               ; Auto               ;
; Shift Register Replacement - Allow Asynchronous Clear Signal               ; On                 ; On                 ;
; Pre-Mapping Resynthesis Optimization                                       ; Off                ; Off                ;
; Analysis & Synthesis Message Level                                         ; Medium             ; Medium             ;
; Disable Register Merging Across Hierarchies                                ; Auto               ; Auto               ;
; Resource Aware Inference For Block RAM                                     ; On                 ; On                 ;
; Synthesis Seed                                                             ; 1                  ; 1                  ;
+----------------------------------------------------------------------------+--------------------+--------------------+


Parallel compilation was disabled, but you have multiple processors available. Enable parallel compilation to reduce compilation time.
+-------------------------------------+
; Parallel Compilation                ;
+----------------------------+--------+
; Processors                 ; Number ;
+----------------------------+--------+
; Number detected on machine ; 8      ;
; Maximum allowed            ; 1      ;
+----------------------------+--------+


+------------------------------------------------------------------------------------------------------------------------+
; Analysis & Synthesis Source Files Read                                                                                 ;
+----------------------------------+-----------------+-----------------+---------------------------------------+---------+
; File Name with User-Entered Path ; Used in Netlist ; File Type       ; File Name with Absolute Path          ; Library ;
+----------------------------------+-----------------+-----------------+---------------------------------------+---------+
; mux8to1.vhd                      ; yes             ; User VHDL File  ; C:/COE608/Lab3/ALU32/mux8to1.vhd      ;         ;
; FullAdder.vhd                    ; yes             ; User VHDL File  ; C:/COE608/Lab3/ALU32/FullAdder.vhd    ;         ;
; FullAdder32.vhd                  ; yes             ; User VHDL File  ; C:/COE608/Lab3/ALU32/FullAdder32.vhd  ;         ;
; AND32.vhd                        ; yes             ; User VHDL File  ; C:/COE608/Lab3/ALU32/AND32.vhd        ;         ;
; OR32.vhd                         ; yes             ; User VHDL File  ; C:/COE608/Lab3/ALU32/OR32.vhd         ;         ;
; RightShift32.vhd                 ; yes             ; User VHDL File  ; C:/COE608/Lab3/ALU32/RightShift32.vhd ;         ;
; LeftShift32.vhd                  ; yes             ; User VHDL File  ; C:/COE608/Lab3/ALU32/LeftShift32.vhd  ;         ;
; NOT32.vhd                        ; yes             ; User VHDL File  ; C:/COE608/Lab3/ALU32/NOT32.vhd        ;         ;
; mux2to1.vhd                      ; yes             ; User VHDL File  ; C:/COE608/Lab3/ALU32/mux2to1.vhd      ;         ;
; ALU32.vhd                        ; yes             ; User VHDL File  ; C:/COE608/Lab3/ALU32/ALU32.vhd        ;         ;
+----------------------------------+-----------------+-----------------+---------------------------------------+---------+


+-----------------------------------------------------------+
; Analysis & Synthesis Resource Usage Summary               ;
+---------------------------------------------+-------------+
; Resource                                    ; Usage       ;
+---------------------------------------------+-------------+
; Estimated Total logic elements              ; 39          ;
;                                             ;             ;
; Total combinational functions               ; 39          ;
; Logic element usage by number of LUT inputs ;             ;
;     -- 4 input functions                    ; 25          ;
;     -- 3 input functions                    ; 14          ;
;     -- <=2 input functions                  ; 0           ;
;                                             ;             ;
; Logic elements by mode                      ;             ;
;     -- normal mode                          ; 39          ;
;     -- arithmetic mode                      ; 0           ;
;                                             ;             ;
; Total registers                             ; 0           ;
;     -- Dedicated logic registers            ; 0           ;
;     -- I/O registers                        ; 0           ;
;                                             ;             ;
; I/O pins                                    ; 29          ;
; Embedded Multiplier 9-bit elements          ; 0           ;
; Maximum fan-out node                        ; op[1]~input ;
; Maximum fan-out                             ; 20          ;
; Total fan-out                               ; 188         ;
; Average fan-out                             ; 1.79        ;
+---------------------------------------------+-------------+


+------------------------------------------------------------------------------------------------------------------------------------------------------------------------------------------------+
; Analysis & Synthesis Resource Utilization by Entity                                                                                                                                            ;
+----------------------------+-------------------+--------------+-------------+--------------+---------+-----------+------+--------------+----------------------------------------+--------------+
; Compilation Hierarchy Node ; LC Combinationals ; LC Registers ; Memory Bits ; DSP Elements ; DSP 9x9 ; DSP 18x18 ; Pins ; Virtual Pins ; Full Hierarchy Name                    ; Library Name ;
+----------------------------+-------------------+--------------+-------------+--------------+---------+-----------+------+--------------+----------------------------------------+--------------+
; |ALU32                     ; 39 (0)            ; 0 (0)        ; 0           ; 0            ; 0       ; 0         ; 29   ; 0            ; |ALU32                                 ; work         ;
;    |FullAdder32:adder1|    ; 9 (0)             ; 0 (0)        ; 0           ; 0            ; 0       ; 0         ; 0    ; 0            ; |ALU32|FullAdder32:adder1              ; work         ;
;       |FullAdder:p1|       ; 1 (1)             ; 0 (0)        ; 0           ; 0            ; 0       ; 0         ; 0    ; 0            ; |ALU32|FullAdder32:adder1|FullAdder:p1 ; work         ;
;       |FullAdder:p2|       ; 1 (1)             ; 0 (0)        ; 0           ; 0            ; 0       ; 0         ; 0    ; 0            ; |ALU32|FullAdder32:adder1|FullAdder:p2 ; work         ;
;       |FullAdder:p3|       ; 1 (1)             ; 0 (0)        ; 0           ; 0            ; 0       ; 0         ; 0    ; 0            ; |ALU32|FullAdder32:adder1|FullAdder:p3 ; work         ;
;       |FullAdder:p4|       ; 1 (1)             ; 0 (0)        ; 0           ; 0            ; 0       ; 0         ; 0    ; 0            ; |ALU32|FullAdder32:adder1|FullAdder:p4 ; work         ;
;       |FullAdder:p5|       ; 1 (1)             ; 0 (0)        ; 0           ; 0            ; 0       ; 0         ; 0    ; 0            ; |ALU32|FullAdder32:adder1|FullAdder:p5 ; work         ;
;       |FullAdder:p6|       ; 1 (1)             ; 0 (0)        ; 0           ; 0            ; 0       ; 0         ; 0    ; 0            ; |ALU32|FullAdder32:adder1|FullAdder:p6 ; work         ;
;       |FullAdder:p7|       ; 1 (1)             ; 0 (0)        ; 0           ; 0            ; 0       ; 0         ; 0    ; 0            ; |ALU32|FullAdder32:adder1|FullAdder:p7 ; work         ;
;       |FullAdder:p8|       ; 2 (2)             ; 0 (0)        ; 0           ; 0            ; 0       ; 0         ; 0    ; 0            ; |ALU32|FullAdder32:adder1|FullAdder:p8 ; work         ;
;    |mux8to1:mux1|          ; 30 (30)           ; 0 (0)        ; 0           ; 0            ; 0       ; 0         ; 0    ; 0            ; |ALU32|mux8to1:mux1                    ; work         ;
+----------------------------+-------------------+--------------+-------------+--------------+---------+-----------+------+--------------+----------------------------------------+--------------+
Note: For table entries with two numbers listed, the numbers in parentheses indicate the number of resources of the given type used by the specific entity alone. The numbers listed outside of parentheses indicate the total resources of the given type used by the specific entity and all of its sub-entities in the hierarchy.


+------------------------------------------------------+
; General Register Statistics                          ;
+----------------------------------------------+-------+
; Statistic                                    ; Value ;
+----------------------------------------------+-------+
; Total registers                              ; 0     ;
; Number of registers using Synchronous Clear  ; 0     ;
; Number of registers using Synchronous Load   ; 0     ;
; Number of registers using Asynchronous Clear ; 0     ;
; Number of registers using Asynchronous Load  ; 0     ;
; Number of registers using Clock Enable       ; 0     ;
; Number of registers using Preset             ; 0     ;
+----------------------------------------------+-------+


+------------------------------------------------------------------------------------------------------------------------------------------+
; Multiplexer Restructuring Statistics (Restructuring Performed)                                                                           ;
+--------------------+-----------+---------------+----------------------+------------------------+------------+----------------------------+
; Multiplexer Inputs ; Bus Width ; Baseline Area ; Area if Restructured ; Saving if Restructured ; Registered ; Example Multiplexer Output ;
+--------------------+-----------+---------------+----------------------+------------------------+------------+----------------------------+
; 6:1                ; 6 bits    ; 24 LEs        ; 18 LEs               ; 6 LEs                  ; No         ; |ALU32|mux8to1:mux1|Mux6   ;
+--------------------+-----------+---------------+----------------------+------------------------+------------+----------------------------+


+-------------------------------+
; Elapsed Time Per Partition    ;
+----------------+--------------+
; Partition Name ; Elapsed Time ;
+----------------+--------------+
; Top            ; 00:00:00     ;
+----------------+--------------+


+-------------------------------+
; Analysis & Synthesis Messages ;
+-------------------------------+
Info: *******************************************************************
Info: Running Quartus II 64-Bit Analysis & Synthesis
    Info: Version 13.0.1 Build 232 06/12/2013 Service Pack 1 SJ Web Edition
    Info: Processing started: Tue Feb 14 19:25:55 2023
Info: Command: quartus_map --read_settings_files=on --write_settings_files=off ALU32 -c ALU32
Warning (20028): Parallel compilation is not licensed and has been disabled
Info (12021): Found 2 design units, including 1 entities, in source file mux8to1.vhd
    Info (12022): Found design unit 1: mux8to1-behavior
    Info (12023): Found entity 1: mux8to1
Info (12021): Found 2 design units, including 1 entities, in source file fulladder.vhd
    Info (12022): Found design unit 1: FullAdder-behavior
    Info (12023): Found entity 1: FullAdder
Info (12021): Found 2 design units, including 1 entities, in source file fulladder32.vhd
    Info (12022): Found design unit 1: FullAdder32-behavior
    Info (12023): Found entity 1: FullAdder32
Info (12021): Found 2 design units, including 1 entities, in source file and32.vhd
    Info (12022): Found design unit 1: AND32-behavior
    Info (12023): Found entity 1: AND32
Info (12021): Found 2 design units, including 1 entities, in source file or32.vhd
    Info (12022): Found design unit 1: OR32-behavior
    Info (12023): Found entity 1: OR32
Info (12021): Found 2 design units, including 1 entities, in source file rightshift32.vhd
    Info (12022): Found design unit 1: RightShift32-behavior
    Info (12023): Found entity 1: RightShift32
Info (12021): Found 2 design units, including 1 entities, in source file leftshift32.vhd
    Info (12022): Found design unit 1: LeftShift32-behavior
    Info (12023): Found entity 1: LeftShift32
Info (12021): Found 2 design units, including 1 entities, in source file not32.vhd
    Info (12022): Found design unit 1: NOT32-behavior
    Info (12023): Found entity 1: NOT32
Info (12021): Found 2 design units, including 1 entities, in source file mux2to1.vhd
    Info (12022): Found design unit 1: mux2to1-behavior
    Info (12023): Found entity 1: mux2to1
Info (12021): Found 2 design units, including 1 entities, in source file alu32.vhd
    Info (12022): Found design unit 1: ALU32-behavior
    Info (12023): Found entity 1: ALU32
Info (12127): Elaborating entity "ALU32" for the top level hierarchy
Warning (10541): VHDL Signal Declaration warning at ALU32.vhd(12): used implicit default value for signal "zero" because signal was never assigned a value or an explicit default value. Use of implicit default value may introduce unintended design optimizations.
Info (12128): Elaborating entity "mux8to1" for hierarchy "mux8to1:mux1"
Info (12128): Elaborating entity "FullAdder32" for hierarchy "FullAdder32:adder1"
Info (12128): Elaborating entity "FullAdder" for hierarchy "FullAdder32:adder1|FullAdder:p1"
Info (12128): Elaborating entity "AND32" for hierarchy "AND32:and1"
Info (12128): Elaborating entity "OR32" for hierarchy "OR32:or1"
Info (12128): Elaborating entity "RightShift32" for hierarchy "RightShift32:lsr1"
Info (12128): Elaborating entity "LeftShift32" for hierarchy "LeftShift32:lsl1"
Info (12128): Elaborating entity "mux2to1" for hierarchy "mux2to1:nexMux"
Info (12128): Elaborating entity "NOT32" for hierarchy "NOT32:notber"
Warning (13046): Tri-state node(s) do not directly drive top-level pin(s)
    Warning (13049): Converted tri-state buffer "comb~synth" feeding internal logic into a wire
    Warning (13049): Converted tri-state buffer "comb~synth" feeding internal logic into a wire
    Warning (13049): Converted tri-state buffer "comb~synth" feeding internal logic into a wire
    Warning (13049): Converted tri-state buffer "comb~synth" feeding internal logic into a wire
    Warning (13049): Converted tri-state buffer "comb~synth" feeding internal logic into a wire
    Warning (13049): Converted tri-state buffer "comb~synth" feeding internal logic into a wire
    Warning (13049): Converted tri-state buffer "comb~synth" feeding internal logic into a wire
    Warning (13049): Converted tri-state buffer "comb~synth" feeding internal logic into a wire
    Warning (13049): Converted tri-state buffer "comb~synth" feeding internal logic into a wire
    Warning (13049): Converted tri-state buffer "comb~synth" feeding internal logic into a wire
    Warning (13049): Converted tri-state buffer "comb~synth" feeding internal logic into a wire
    Warning (13049): Converted tri-state buffer "comb~synth" feeding internal logic into a wire
    Warning (13049): Converted tri-state buffer "comb~synth" feeding internal logic into a wire
    Warning (13049): Converted tri-state buffer "comb~synth" feeding internal logic into a wire
    Warning (13049): Converted tri-state buffer "comb~synth" feeding internal logic into a wire
    Warning (13049): Converted tri-state buffer "comb~synth" feeding internal logic into a wire
Warning (13034): The following nodes have both tri-state and non-tri-state drivers
    Warning (13035): Inserted always-enabled tri-state buffer between "result[0]" and its non-tri-state driver.
    Warning (13035): Inserted always-enabled tri-state buffer between "result[1]" and its non-tri-state driver.
    Warning (13035): Inserted always-enabled tri-state buffer between "result[2]" and its non-tri-state driver.
    Warning (13035): Inserted always-enabled tri-state buffer between "result[3]" and its non-tri-state driver.
    Warning (13035): Inserted always-enabled tri-state buffer between "result[4]" and its non-tri-state driver.
    Warning (13035): Inserted always-enabled tri-state buffer between "result[5]" and its non-tri-state driver.
    Warning (13035): Inserted always-enabled tri-state buffer between "result[6]" and its non-tri-state driver.
    Warning (13035): Inserted always-enabled tri-state buffer between "result[7]" and its non-tri-state driver.
Warning (13009): TRI or OPNDRN buffers permanently enabled
    Warning (13010): Node "result[0]~synth"
    Warning (13010): Node "result[1]~synth"
    Warning (13010): Node "result[2]~synth"
    Warning (13010): Node "result[3]~synth"
    Warning (13010): Node "result[4]~synth"
    Warning (13010): Node "result[5]~synth"
    Warning (13010): Node "result[6]~synth"
    Warning (13010): Node "result[7]~synth"
Warning (13024): Output pins are stuck at VCC or GND
    Warning (13410): Pin "zero" is stuck at GND
Info (286030): Timing-Driven Synthesis is running
Info (16010): Generating hard_block partition "hard_block:auto_generated_inst"
    Info (16011): Adding 0 node(s), including 0 DDIO, 0 PLL, 0 transceiver and 0 LCELL
Info (21057): Implemented 68 device resources after synthesis - the final resource count might be different
    Info (21058): Implemented 19 input pins
    Info (21059): Implemented 2 output pins
    Info (21060): Implemented 8 bidirectional pins
    Info (21061): Implemented 39 logic cells
Info: Quartus II 64-Bit Analysis & Synthesis was successful. 0 errors, 39 warnings
    Info: Peak virtual memory: 4631 megabytes
    Info: Processing ended: Tue Feb 14 19:25:58 2023
    Info: Elapsed time: 00:00:03
    Info: Total CPU time (on all processors): 00:00:01


